TN:
SF:src\main\resources\static\app.js
FN:11,validarFormulario
FN:35,agregarEmpleado
FN:46,limpiarObjeto
FN:52,mostrarEmpleados
FN:58,(anonymous_4)
FN:66,(anonymous_5)
FN:72,(anonymous_6)
FN:85,cargarEmpleado
FN:102,editarEmpleado
FN:109,(anonymous_9)
FN:127,eliminarEmpleado
FN:128,(anonymous_11)
FN:133,limpiarHTML
FNF:13
FNH:9
FNDA:3,validarFormulario
FNDA:6,agregarEmpleado
FNDA:1,limpiarObjeto
FNDA:10,mostrarEmpleados
FNDA:10,(anonymous_4)
FNDA:0,(anonymous_5)
FNDA:0,(anonymous_6)
FNDA:1,cargarEmpleado
FNDA:5,editarEmpleado
FNDA:18,(anonymous_9)
FNDA:0,eliminarEmpleado
FNDA:0,(anonymous_11)
FNDA:15,limpiarHTML
DA:1,1
DA:3,1
DA:9,1
DA:12,3
DA:14,3
DA:15,3
DA:16,3
DA:18,3
DA:19,1
DA:20,1
DA:23,1
DA:24,0
DA:25,0
DA:27,1
DA:28,1
DA:29,1
DA:31,1
DA:36,6
DA:38,6
DA:40,0
DA:41,0
DA:43,0
DA:47,1
DA:48,1
DA:49,1
DA:54,10
DA:56,10
DA:58,10
DA:59,10
DA:61,10
DA:62,10
DA:63,10
DA:65,10
DA:66,10
DA:67,10
DA:68,10
DA:69,10
DA:71,10
DA:72,10
DA:73,10
DA:74,10
DA:75,10
DA:77,10
DA:79,10
DA:80,0
DA:86,1
DA:88,1
DA:89,1
DA:91,1
DA:92,1
DA:94,1
DA:96,1
DA:97,1
DA:99,0
DA:103,5
DA:104,5
DA:106,5
DA:107,4
DA:109,4
DA:110,18
DA:111,14
DA:113,4
DA:116,4
DA:117,4
DA:119,0
DA:120,0
DA:122,0
DA:124,0
DA:128,0
DA:129,0
DA:130,0
DA:134,15
DA:135,15
DA:136,0
LF:74
LH:59
BRDA:18,0,0,1
BRDA:18,0,1,1
BRDA:18,1,0,3
BRDA:18,1,1,1
BRDA:23,2,0,0
BRDA:23,2,1,1
BRDA:110,3,0,14
BRDA:110,3,1,4
BRF:8
BRH:7
end_of_record
